" CPU0--max_freq, CPU6--max_freq "
" DDR gear "
" UFS Available freq "
" UFS max_freq,  UFS min_freq"
" CPU0--cur_freq, CPU6--cur_freq "
" Current DDR actual frequency "
" UFS cur_freq  "
" CPU0--cur_freq, CPU6--cur_freq "
" Current DDR actual frequency "
" UFS cur_freq  "
" CPU0--cur_freq, CPU6--cur_freq "
" Current DDR actual frequency "
" UFS cur_freq  "
" CPU0--cur_freq, CPU6--cur_freq "
" Current DDR actual frequency "
" UFS cur_freq  "
" CPU0--cur_freq, CPU6--cur_freq "
" Current DDR actual frequency "
" UFS cur_freq  "
" CPU0--cur_freq, CPU6--cur_freq "
" Current DDR actual frequency "
" UFS cur_freq  "
" CPU0--cur_freq, CPU6--cur_freq "
" Current DDR actual frequency "
" UFS cur_freq  "
" CPU0--cur_freq, CPU6--cur_freq "
" Current DDR actual frequency "
" UFS cur_freq  "
" CPU0--cur_freq, CPU6--cur_freq "
" Current DDR actual frequency "
" UFS cur_freq  "
" CPU0--cur_freq, CPU6--cur_freq "
" Current DDR actual frequency "
" UFS cur_freq  "
" CPU0--cur_freq, CPU6--cur_freq "
